SF:lib\domain\core\exception.dart
DA:3,0
DA:9,0
DA:14,0
DA:19,0
LF:4
LH:0
end_of_record
SF:lib\infrastructure\search_country\datasource\search_country_remote.dart
DA:15,0
DA:20,0
DA:22,0
DA:25,0
DA:26,0
DA:29,0
DA:31,0
DA:32,0
DA:33,0
DA:55,0
DA:56,0
DA:57,0
DA:58,0
DA:59,0
DA:60,0
DA:61,0
LF:16
LH:0
end_of_record
SF:lib\infrastructure\search_country\repository\search_country_repository.dart
DA:13,1
DA:15,1
DA:18,2
DA:19,1
DA:21,3
LF:5
LH:5
end_of_record
SF:lib\infrastructure\core\https\http.dart
DA:7,0
DA:10,0
DA:11,0
DA:12,0
DA:19,0
DA:21,0
DA:25,0
DA:27,0
DA:35,0
DA:36,0
DA:37,0
DA:39,0
DA:45,0
DA:46,0
LF:14
LH:0
end_of_record
SF:lib\infrastructure\search_country\datasource\serach_sountry_query.dart
DA:3,0
LF:1
LH:0
end_of_record
SF:lib\infrastructure\search_country\dtos\search_country_dtos.dart
DA:10,0
DA:16,0
DA:17,0
DA:18,0
DA:22,0
DA:23,0
DA:24,0
DA:28,0
LF:8
LH:0
end_of_record
SF:lib\infrastructure\search_country\dtos\search_country_dtos.g.dart
DA:9,0
DA:10,0
DA:11,0
DA:12,0
DA:13,0
DA:14,0
DA:17,0
DA:18,0
DA:19,0
LF:9
LH:0
end_of_record
SF:lib\infrastructure\search_country\dtos\country_dtos.dart
DA:10,0
DA:23,0
DA:24,0
DA:25,0
DA:26,0
DA:27,0
DA:28,0
DA:29,0
DA:30,0
DA:31,0
DA:32,0
DA:36,0
DA:37,0
DA:38,0
DA:39,0
DA:40,0
DA:41,0
DA:42,0
DA:43,0
DA:44,0
DA:45,0
DA:49,0
LF:22
LH:0
end_of_record
SF:lib\infrastructure\search_country\dtos\country_dtos.g.dart
DA:9,0
DA:10,0
DA:11,0
DA:12,0
DA:13,0
DA:14,0
DA:15,0
DA:16,0
DA:17,0
DA:18,0
DA:19,0
DA:20,0
DA:21,0
DA:24,0
DA:25,0
DA:26,0
DA:27,0
DA:28,0
DA:29,0
DA:30,0
DA:31,0
DA:32,0
DA:33,0
LF:23
LH:0
end_of_record
SF:lib\infrastructure\search_country\dtos\language_dtos.dart
DA:9,0
DA:18,0
DA:19,0
DA:20,0
DA:21,0
DA:22,0
DA:23,0
DA:27,0
DA:28,0
DA:29,0
DA:30,0
DA:31,0
DA:32,0
DA:36,0
LF:14
LH:0
end_of_record
SF:lib\infrastructure\search_country\dtos\language_dtos.g.dart
DA:9,0
DA:10,0
DA:11,0
DA:12,0
DA:13,0
DA:14,0
DA:17,0
DA:18,0
DA:19,0
DA:20,0
DA:21,0
DA:22,0
LF:12
LH:0
end_of_record
SF:lib\domain\core\api_failures.dart
DA:55,0
DA:56,0
DA:57,0
DA:58,0
DA:59,0
DA:60,0
DA:61,0
DA:62,0
DA:64,0
DA:65,0
DA:66,0
DA:67,0
DA:68,0
DA:69,0
DA:70,0
DA:71,0
DA:72,0
DA:73,0
DA:75,0
DA:77,0
DA:79,0
DA:80,0
DA:82,0
DA:84,0
DA:86,0
DA:87,0
DA:88,0
LF:27
LH:0
end_of_record
